<?xml version="1.0" encoding="UTF-8"?>
<!-- Generated by org.testng.reporters.JUnitReportReporter -->
<testsuite hostname="TTL1INMLJHYXCK3" failures="0" tests="1" name="Tests.ChromeTest" time="12.803" errors="0" timestamp="2024-09-10T15:15:18 BST" skipped="0">
  <testcase classname="Tests.ChromeTest" name="testChromeDriver" time="12.803"/>
</testsuite> <!-- Tests.ChromeTest -->
