<?xml version="1.0" encoding="UTF-8"?>
<!-- Generated by org.testng.reporters.JUnitReportReporter -->
<testsuite hostname="TTL1INMLJHYXCK3" failures="0" tests="1" name="Tests.EdgeTest" time="11.146" errors="0" timestamp="2024-09-10T15:15:18 BST" skipped="0">
  <testcase classname="Tests.EdgeTest" name="testEdgeDriver" time="11.146"/>
</testsuite> <!-- Tests.EdgeTest -->
